<?xml version="1.0" encoding="UTF-8"?>
<testng-results skipped="0" failed="0" ignored="0" total="1" passed="1">
  <reporter-output>
  </reporter-output>
  <suite name="AccountSuite" duration-ms="10224" started-at="2017-10-18T01:59:13Z" finished-at="2017-10-18T01:59:23Z">
    <groups>
    </groups>
    <test name="AccountCreateTest" duration-ms="10224" started-at="2017-10-18T01:59:13Z" finished-at="2017-10-18T01:59:23Z">
      <class name="tests.HomePageTest">
        <test-method status="PASS" signature="setUpBrowser()[pri:0, instance:tests.HomePageTest@68fb2c38]" name="setUpBrowser" is-config="true" duration-ms="3951" started-at="2017-10-17T21:59:09Z" finished-at="2017-10-17T21:59:13Z">
          <reporter-output>
          </reporter-output>
        </test-method> <!-- setUpBrowser -->
        <test-method status="PASS" signature="homePageTest()[pri:1, instance:tests.HomePageTest@68fb2c38]" name="homePageTest" duration-ms="10213" started-at="2017-10-17T21:59:13Z" description="Validating company logo is displayed " finished-at="2017-10-17T21:59:23Z">
          <reporter-output>
          </reporter-output>
        </test-method> <!-- homePageTest -->
      </class> <!-- tests.HomePageTest -->
    </test> <!-- AccountCreateTest -->
  </suite> <!-- AccountSuite -->
</testng-results>
